<?xml version="1.0" encoding="UTF-8"?>
<testng-results total="0" passed="0" failed="0" skipped="0">
  <reporter-output>
  </reporter-output>
  <suite started-at="2021-05-09T16:40:43Z" name="eLearnRegistration" finished-at="2021-05-09T16:40:43Z" duration-ms="460">
    <groups>
      <group name="cucumber">
        <method signature="AbstractTestNGCucumberTests.runScenario(io.cucumber.testng.PickleWrapper, io.cucumber.testng.FeatureWrapper)[pri:0, instance:Runner.Test_Runner@2805c96b]" name="runScenario" class="io.cucumber.testng.AbstractTestNGCucumberTests"/>
      </group> <!-- cucumber -->
    </groups>
    <test started-at="2021-05-09T16:40:43Z" name="eLearning Registraion process testing" finished-at="2021-05-09T16:40:43Z" duration-ms="460">
      <class name="Runner.Test_Runner">
        <test-method is-config="true" signature="setUpClass()[pri:0, instance:Runner.Test_Runner@2805c96b]" started-at="2021-05-09T22:10:43Z" name="setUpClass" finished-at="2021-05-09T22:10:43Z" duration-ms="412" status="PASS">
          <reporter-output>
          </reporter-output>
        </test-method> <!-- setUpClass -->
        <test-method is-config="true" signature="tearDownClass()[pri:0, instance:Runner.Test_Runner@2805c96b]" started-at="2021-05-09T22:10:43Z" name="tearDownClass" finished-at="2021-05-09T22:10:43Z" duration-ms="25" status="PASS">
          <reporter-output>
          </reporter-output>
        </test-method> <!-- tearDownClass -->
      </class> <!-- Runner.Test_Runner -->
    </test> <!-- eLearning Registraion process testing -->
  </suite> <!-- eLearnRegistration -->
</testng-results>
