<?xml version="1.0" encoding="UTF-8" standalone="no"?>
<testsuite errors="0" failures="2" name="io.cucumber.core.plugin.JUnitFormatter" skipped="0" tests="2" time="1.14">
    <testcase classname="Valid Registration features" name="Register as Follow courses with valid details" time="0.226">
        <failure message="The scenario has pending or undefined step(s)" type="java.lang.Exception">
            <![CDATA[Given User navigated to signUp page from login page.........................passed
When I click in SignUp link.................................................passed
And I select the role Follow course.........................................passed
And Fill valid details......................................................passed
Then I should see Registration successful...................................passed
Then I close my browser.....................................................undefined
]]>
        </failure>
    </testcase>
    <testcase classname="Valid Registration features" name="Register as Teach courses with valid details" time="0.016">
        <failure message="The scenario has pending or undefined step(s)" type="java.lang.Exception">
            <![CDATA[Given User navigated to signUp page from login page.........................passed
When I click in SignUp link.................................................passed
And I select the role Tech course...........................................passed
And Fill valid details......................................................passed
Then I should see Registration successful...................................passed
Then I close my browser.....................................................undefined
]]>
        </failure>
    </testcase>
</testsuite>
